<?xml version="1.0" encoding="UTF-8"?>
<!-- Generated by org.testng.reporters.JUnitReportReporter -->
<testsuite name="Tests.TC001_RegisterAccount" tests="1" time="31.300" ignored="0" failures="0" timestamp="21 Jun 2021 08:03:36 GMT" skipped="0" hostname="DESKTOP-SS1171L" errors="0">
  <testcase name="testRegisterAccount" time="31.300" classname="Tests.TC001_RegisterAccount"/>
</testsuite> <!-- Tests.TC001_RegisterAccount -->
