<?xml version="1.0" encoding="UTF-8"?>
<!-- Generated by org.testng.reporters.JUnitReportReporter -->
<testsuite name="Tests.TC004_VerifyTitle" tests="1" time="38.381" ignored="0" failures="0" timestamp="21 Jun 2021 09:40:13 GMT" skipped="0" hostname="DESKTOP-SS1171L" errors="0">
  <testcase name="verifyTitle" time="38.381" classname="Tests.TC004_VerifyTitle"/>
</testsuite> <!-- Tests.TC004_VerifyTitle -->
