<?xml version="1.0" encoding="UTF-8"?>
<!-- Generated by org.testng.reporters.JUnitReportReporter -->
<testsuite name="Tests.TC003_Login" tests="1" time="28.158" ignored="0" failures="0" timestamp="21 Jun 2021 08:45:06 GMT" skipped="0" hostname="DESKTOP-SS1171L" errors="0">
  <testcase name="testRegisterAccount" time="28.158" classname="Tests.TC003_Login"/>
</testsuite> <!-- Tests.TC003_Login -->
