<?xml version="1.0" encoding="UTF-8"?>
<!-- Generated by org.testng.reporters.JUnitReportReporter -->
<testsuite name="qaf.example.tests.TC002_AddingAddress" tests="1" time="26.108" ignored="18" failures="0" timestamp="11 Jun 2021 07:22:10 GMT" skipped="0" hostname="DESKTOP-SS1171L" errors="0">
  <testcase name="testAddingAddress" time="26.108" classname="qaf.example.tests.TC002_AddingAddress"/>
  <testcase name="setupTest" classname="com.qmetry.qaf.automation.testng.TestNGTestCase">
    <skipped/>
  </testcase> <!-- setupTest -->
  <testcase name="setupTest" classname="com.qmetry.qaf.automation.testng.TestNGTestCase">
    <skipped/>
  </testcase> <!-- setupTest -->
  <testcase name="setupTest" classname="com.qmetry.qaf.automation.testng.TestNGTestCase">
    <skipped/>
  </testcase> <!-- setupTest -->
  <testcase name="setupTest" classname="com.qmetry.qaf.automation.testng.TestNGTestCase">
    <skipped/>
  </testcase> <!-- setupTest -->
  <testcase name="setupTest" classname="com.qmetry.qaf.automation.testng.TestNGTestCase">
    <skipped/>
  </testcase> <!-- setupTest -->
  <testcase name="setupTest" classname="com.qmetry.qaf.automation.testng.TestNGTestCase">
    <skipped/>
  </testcase> <!-- setupTest -->
  <testcase name="setupSuit" classname="com.qmetry.qaf.automation.testng.TestNGTestCase">
    <skipped/>
  </testcase> <!-- setupSuit -->
  <testcase name="setupSuit" classname="com.qmetry.qaf.automation.testng.TestNGTestCase">
    <skipped/>
  </testcase> <!-- setupSuit -->
  <testcase name="setupSuit" classname="com.qmetry.qaf.automation.testng.TestNGTestCase">
    <skipped/>
  </testcase> <!-- setupSuit -->
  <testcase name="setupSuit" classname="com.qmetry.qaf.automation.testng.TestNGTestCase">
    <skipped/>
  </testcase> <!-- setupSuit -->
  <testcase name="setupSuit" classname="com.qmetry.qaf.automation.testng.TestNGTestCase">
    <skipped/>
  </testcase> <!-- setupSuit -->
  <testcase name="setupSuit" classname="com.qmetry.qaf.automation.testng.TestNGTestCase">
    <skipped/>
  </testcase> <!-- setupSuit -->
  <testcase name="afterTest" classname="com.qmetry.qaf.automation.ui.AbstractTestCase">
    <skipped/>
  </testcase> <!-- afterTest -->
  <testcase name="afterTest" classname="com.qmetry.qaf.automation.ui.AbstractTestCase">
    <skipped/>
  </testcase> <!-- afterTest -->
  <testcase name="afterTest" classname="com.qmetry.qaf.automation.ui.AbstractTestCase">
    <skipped/>
  </testcase> <!-- afterTest -->
  <testcase name="afterTest" classname="com.qmetry.qaf.automation.ui.AbstractTestCase">
    <skipped/>
  </testcase> <!-- afterTest -->
  <testcase name="afterTest" classname="com.qmetry.qaf.automation.ui.AbstractTestCase">
    <skipped/>
  </testcase> <!-- afterTest -->
  <testcase name="afterTest" classname="com.qmetry.qaf.automation.ui.AbstractTestCase">
    <skipped/>
  </testcase> <!-- afterTest -->
</testsuite> <!-- qaf.example.tests.TC002_AddingAddress -->
