<?xml version="1.0" encoding="UTF-8"?>
<!-- Generated by org.testng.reporters.JUnitReportReporter -->
<testsuite name="qaf.example.tests.TC001_RegisterAccount" tests="1" time="364.756" ignored="0" failures="0" timestamp="17 Jun 2021 03:46:20 GMT" skipped="0" hostname="DESKTOP-SS1171L" errors="0">
  <testcase name="testRegisterAccount" time="364.756" classname="qaf.example.tests.TC001_RegisterAccount"/>
</testsuite> <!-- qaf.example.tests.TC001_RegisterAccount -->
